ERROR: ld.so: object '/home/juleah/.local/share/Steam/ubuntu12_32/gameoverlayrenderer.so' from LD_PRELOAD cannot be preloaded (wrong ELF class: ELFCLASS32): ignored.
ERROR: ld.so: object '/home/juleah/.local/share/Steam/ubuntu12_32/gameoverlayrenderer.so' from LD_PRELOAD cannot be preloaded (wrong ELF class: ELFCLASS32): ignored.
ERROR: ld.so: object '/home/juleah/.local/share/Steam/ubuntu12_32/gameoverlayrenderer.so' from LD_PRELOAD cannot be preloaded (wrong ELF class: ELFCLASS32): ignored.
pid 32547 != 32515, skipping destruction (fork without exec?)
ERROR: ld.so: object '/home/juleah/.local/share/Steam/ubuntu12_32/gameoverlayrenderer.so' from LD_PRELOAD cannot be preloaded (wrong ELF class: ELFCLASS32): ignored.
riable_group_size GL_ARB_conditional_render_inverted GL_ARB_copy_buffer GL_ARB_copy_image GL_ARB_cull_distance GL_ARB_debug_output GL_ARB_depth_buffer_float GL_ARB_depth_clamp GL_ARB_depth_texture GL_ARB_derivative_control GL_ARB_direct_state_access GL_ARB_draw_buffers GL_ARB_draw_buffers_blend GL_ARB_draw_indirect GL_ARB_draw_elements_base_vertex GL_ARB_draw_instanced GL_ARB_enhanced_layouts GL_ARB_ES2_compatibility GL_ARB_ES3_compatibility GL_ARB_ES3_1_compatibility GL_ARB_ES3_2_compatibility GL_ARB_explicit_attrib_location GL_ARB_explicit_uniform_location GL_ARB_fragmen
t_coord_conventions GL_ARB_fragment_layer_viewport GL_ARB_fragment_program GL_ARB_fragment_program_shadow GL_ARB_fragment_shader GL_ARB_fragment_shader_interlock GL_ARB_framebuffer_no_attachments GL_ARB_framebuffer_object GL_ARB_framebuffer_sRGB GL_ARB_geometry_shader4 GL_ARB_get_program_binary GL_ARB_get_texture_sub_image GL_ARB_gl_spirv GL_ARB_gpu_shader5 GL_ARB_gpu_shader_fp64 GL_ARB_gpu_shader_int64 GL_ARB_half_float_pixel GL_ARB_half_float_vertex GL_ARB_imaging GL_ARB_indirect_parameters GL_ARB_instanced_arrays GL_ARB_internalformat_query GL_ARB_internalformat_query2 GL_ARB_invalidate_subdata GL_ARB_map_buffer_alignment GL_ARB_map_buffer_range GL_ARB_multi_bind GL_ARB_multi_draw_indirect GL_ARB_multisample GL_ARB_multitexture GL_ARB_occlusion_query GL_ARB_occlusion_query2 GL_ARB_parallel_shader_compile GL_ARB_pipeline_statistics_query GL_ARB_pixel_buffer_object GL_ARB_point_parameters GL_ARB_point_sprite GL_ARB_polygon_offset_clamp GL_ARB_post_depth_coverage GL_ARB_program_interface_query GL_ARB_provoki
ng_vertex GL_ARB_query_buffer_object GL_ARB_robust_buffer_access_behavior GL_ARB_robustness GL_ARB_sample_locations GL_ARB_sample_shading GL_ARB_sampler_objects GL_ARB_seamless_cube_map GL_ARB_seamless_cubemap_per_texture GL_ARB_separate_shader_objects GL_ARB_shader_atomic_counter_ops GL_ARB_shader_atomic_counters GL_ARB_shader_ballot GL_ARB_shader_bit_encoding GL_ARB_shader_clock GL_ARB_shader_draw_parameters GL_ARB_shader_group_vote GL_ARB_shader_image_load_store GL_ARB_shader_image_size GL_ARB_shader_objects GL_ARB_shader_precision GL_ARB_shader_storage_buffer_object GL_ARB_shader_subroutine GL_ARB_shader_texture_image_samples GL_ARB_shader_texture_lod GL_ARB_shading_language_100 GL_ARB_shader_viewport_layer_array GL_ARB_shading_language_420pack GL_ARB_shading_language_include GL_ARB_shading_language_packing GL_ARB_shadow GL_ARB_sparse_buffer GL_ARB_sparse_texture GL_ARB_sparse_texture2 GL_ARB_sparse_texture_clamp GL_ARB_spirv_extensions GL_ARB_stencil_texturing GL_ARB_sync GL_ARB_tessellation_shader GL_A
RB_texture_barrier GL_ARB_texture_border_clamp GL_ARB_texture_buffer_object GL_ARB_texture_buffer_object_rgb32 GL_ARB_texture_buffer_range GL_ARB_texture_compression GL_ARB_texture_compression_bptc GL_ARB_texture_compression_rgtc GL_ARB_texture_cube_map GL_ARB_texture_cube_map_array GL_ARB_texture_env_add GL_ARB_texture_env_combine GL_ARB_texture_env_crossbar GL_ARB_texture_env_dot3 GL_ARB_texture_filter_anisotropic GL_ARB_texture_filter_minmax GL_ARB_texture_float GL_ARB_texture_gather GL_ARB_texture_mirror_clamp_to_edge GL_ARB_texture_mirrored_repeat GL_ARB_texture_multisample GL_ARB_texture_non_power_of_two GL_ARB_texture_query_levels GL_ARB_texture_query_lod GL_ARB_texture_rectangle GL_ARB_texture_rg GL_ARB_texture_rgb10_a2ui GL_ARB_texture_stencil8 GL_ARB_texture_storage GL_ARB_texture_storage_multisample GL_ARB_texture_swizzle GL_ARB_texture_view GL_ARB_timer_query GL_ARB_transform_feedback2 GL_ARB_transform_feedback3 GL_ARB_transform_feedback_instanced GL_ARB_transform_feedback_overflow_query GL_ARB_t
ranspose_matrix GL_ARB_uniform_buffer_object GL_ARB_vertex_array_bgra GL_ARB_vertex_array_object GL_ARB_vertex_attrib_64bit GL_ARB_vertex_attrib_binding GL_ARB_vertex_buffer_object GL_ARB_vertex_program GL_ARB_vertex_shader GL_ARB_vertex_type_10f_11f_11f_rev GL_ARB_vertex_type_2_10_10_10_rev GL_ARB_viewport_array GL_ARB_window_pos GL_ATI_draw_buffers GL_ATI_texture_float GL_ATI_texture_mirror_once GL_S3_s3tc GL_EXT_texture_env_add GL_EXT_abgr GL_EXT_bgra GL_EXT_bindable_uniform GL_EXT_blend_color GL_EXT_blend_equation_separate GL_EXT_blend_func_separate GL_EXT_blend_minmax GL_EXT_blend_subtract GL_EXT_compiled_vertex_array GL_EXT_Cg_shader GL_EXT_depth_bounds_test GL_EXT_direct_state_access GL_EXT_draw_buffers2 GL_EXT_draw_instanced GL_EXT_draw_range_elements GL_EXT_fog_coord GL_EXT_framebuffer_blit GL_EXT_framebuffer_multisample GL_EXTX_framebuffer_mixed_formats GL_EXT_framebuffer_multisample_blit_scaled GL_EXT_framebuffer_object GL_EXT_framebuffer_sRGB GL_EXT_geometry_shader4 GL_EXT_gpu_program_parameters 
GL_EXT_gpu_shader4 GL_EXT_multi_draw_arrays GL_EXT_packed_depth_stencil GL_EXT_packed_float GL_EXT_packed_pixels GL_EXT_pixel_buffer_object GL_EXT_point_parameters GL_EXT_polygon_offset_clamp GL_EXT_post_depth_coverage GL_EXT_provoking_vertex GL_EXT_raster_multisample GL_EXT_rescale_normal GL_EXT_secondary_color GL_EXT_separate_shader_objects GL_EXT_separate_specular_color GL_EXT_shader_image_load_formatted GL_EXT_shader_image_load_store GL_EXT_shader_integer_mix GL_EXT_shadow_funcs GL_EXT_sparse_texture2 GL_EXT_stencil_two_side GL_EXT_stencil_wrap GL_EXT_texture3D GL_EXT_texture_array GL_EXT_texture_buffer_object GL_EXT_texture_compression_dxt1 GL_EXT_texture_compression_latc GL_EXT_texture_compression_rgtc GL_EXT_texture_compression_s3tc GL_EXT_texture_cube_map GL_EXT_texture_edge_clamp GL_EXT_texture_env_combine GL_EXT_texture_env_dot3 GL_EXT_texture_filter_anisotropic GL_EXT_texture_filter_minmax GL_EXT_texture_integer GL_EXT_texture_lod GL_EXT_texture_lod_bias GL_EXT_texture_mirror_clamp GL_EXT_texture_
object GL_EXT_texture_shared_exponent GL_EXT_texture_sRGB GL_EXT_texture_sRGB_decode GL_EXT_texture_storage GL_EXT_texture_swizzle GL_EXT_timer_query GL_EXT_transform_feedback2 GL_EXT_vertex_array GL_EXT_vertex_array_bgra GL_EXT_vertex_attrib_64bit GL_EXT_window_rectangles GL_EXT_x11_sync_object GL_EXT_import_sync_object GL_NV_robustness_video_memory_purge GL_IBM_rasterpos_clip GL_IBM_texture_mirrored_repeat GL_KHR_context_flush_control GL_KHR_debug GL_EXT_memory_object GL_EXT_memory_object_fd GL_KHR_parallel_shader_compile GL_KHR_no_error GL_KHR_robust_buffer_access_behavior GL_KHR_robustness GL_EXT_semaphore GL_EXT_semaphore_fd GL_KTX_buffer_region GL_NV_alpha_to_coverage_dither_control GL_NV_bindless_multi_draw_indirect GL_NV_bindless_multi_draw_indirect_count GL_NV_bindless_texture GL_NV_blend_equation_advanced GL_NV_blend_equation_advanced_coherent GL_NVX_blend_equation_advanced_multi_draw_buffers GL_NV_blend_minmax_factor GL_NV_blend_square GL_NV_clip_space_w_scaling GL_NV_command_list GL_NV_compute_pr
ogram5 GL_NV_conditional_render GL_NV_conservative_raster GL_NV_conservative_raster_dilate GL_NV_conservative_raster_pre_snap_triangles GL_NV_copy_depth_to_color GL_NV_copy_image GL_NV_depth_buffer_float GL_NV_depth_clamp GL_NV_draw_texture GL_NV_draw_vulkan_image GL_NV_ES1_1_compatibility GL_NV_ES3_1_compatibility GL_NV_explicit_multisample GL_NV_fence GL_NV_fill_rectangle GL_NV_float_buffer GL_NV_fog_distance GL_NV_fragment_coverage_to_color GL_NV_fragment_program GL_NV_fragment_program_option GL_NV_fragment_program2 GL_NV_fragment_shader_interlock GL_NV_framebuffer_mixed_samples GL_NV_framebuffer_multisample_coverage GL_NV_geometry_shader4 GL_NV_geometry_shader_passthrough GL_NV_gpu_program4 GL_NV_internalformat_sample_query GL_NV_gpu_program4_1 GL_NV_gpu_program5 GL_NV_gpu_program5_mem_extended GL_NV_gpu_program_fp64 GL_NV_gpu_shader5 GL_NV_half_float GL_NV_light_max_exponent GL_NV_multisample_coverage GL_NV_multisample_filter_hint GL_NV_occlusion_query GL_NV_packed_depth_stencil GL_NV_parameter_buffer_o
bject GL_NV_parameter_buffer_object2 GL_NV_path_rendering GL_NV_path_rendering_shared_edge GL_NV_pixel_data_range GL_NV_point_sprite GL_NV_primitive_restart GL_NV_query_resource GL_NV_query_resource_tag GL_NV_register_combiners GL_NV_register_combiners2 GL_NV_sample_locations GL_NV_sample_mask_override_coverage GL_NV_shader_atomic_counters GL_NV_shader_atomic_float GL_NV_shader_atomic_float64 GL_NV_shader_atomic_fp16_vector GL_NV_shader_atomic_int64 GL_NV_shader_buffer_load GL_NV_shader_storage_buffer_object GL_NV_stereo_view_rendering GL_NV_texgen_reflection GL_NV_texture_barrier GL_NV_texture_compression_vtc GL_NV_texture_env_combine4 GL_NV_texture_multisample GL_NV_texture_rectangle GL_NV_texture_rectangle_compressed GL_NV_texture_shader GL_NV_texture_shader2 GL_NV_texture_shader3 GL_NV_transform_feedback GL_NV_transform_feedback2 GL_NV_uniform_buffer_unified_memory GL_NV_vdpau_interop GL_NV_vertex_array_range GL_NV_vertex_array_range2 GL_NV_vertex_attrib_integer_64bit GL_NV_vertex_buffer_unified_memory G
L_NV_vertex_program GL_NV_vertex_program1_1 GL_NV_vertex_program2 GL_NV_vertex_program2_option GL_NV_vertex_program3 GL_NV_viewport_array2 GL_NV_viewport_swizzle GL_NVX_conditional_render GL_NVX_gpu_memory_info GL_NVX_nvenc_interop GL_NV_shader_thread_group GL_NV_shader_thread_shuffle GL_KHR_blend_equation_advanced GL_KHR_blend_equation_advanced_coherent GL_SGIS_generate_mipmap GL_SGIS_texture_lod GL_SGIX_depth_texture GL_SGIX_shadow GL_SUN_slice_accum
OPENGL LOG: Creating OpenGL 4.5 graphics device ; Context level  <OpenGL 4.5> ; Context handle 57489992
AudioManager: Using PulseAudio: Default Output Device
Begin MonoManager ReloadAssembly
Platform assembly: /home/juleah/.local/share/Steam/steamapps/common/Throne of Lies/ThroneOfLies_Data/Managed/UnityEngine.dll (this message is harmless)
Loading /home/juleah/.local/share/Steam/steamapps/common/Throne of Lies/ThroneOfLies_Data/Managed/UnityEngine.dll into Unity Child Domain
Platform assembly: /home/juleah/.local/share/Steam/steamapps/common/Throne of Lies/ThroneOfLies_Data/Managed/Assembly-CSharp-firstpass.dll (this message is harmless)
Loading /home/juleah/.local/share/Steam/steamapps/common/Throne of Lies/ThroneOfLies_Data/Managed/Assembly-CSharp-firstpass.dll into Unity Child Domain
Platform assembly: /home/juleah/.local/share/Steam/steamapps/common/Throne of Lies/ThroneOfLies_Data/Managed/Assembly-CSharp.dll (this message is harmless)
Loading /home/juleah/.local/share/Steam/steamapps/common/Throne of Lies/ThroneOfLies_Data/Managed/Assembly-CSharp.dll into Unity Child Domain
Platform assembly: /home/juleah/.local/share/Steam/steamapps/common/Throne of Lies/ThroneOfLies_Data/Managed/Assembly-UnityScript.dll (this message is harmless)
Loading /home/juleah/.local/share/Steam/steamapps/common/Throne of Lies/ThroneOfLies_Data/Managed/Assembly-UnityScript.dll into Unity Child Domain
Platform assembly: /home/juleah/.local/share/Steam/steamapps/common/Throne of Lies/ThroneOfLies_Data/Managed/UnityEngine.UI.dll (this message is harmless)
Loading /home/juleah/.local/share/Steam/steamapps/common/Throne of Lies/ThroneOfLies_Data/Managed/UnityEngine.UI.dll into Unity Child Domain
Platform assembly: /home/juleah/.local/share/Steam/steamapps/common/Throne of Lies/ThroneOfLies_Data/Managed/UnityEngine.Networking.dll (this message is harmless)
Loading /home/juleah/.local/share/Steam/steamapps/common/Throne of Lies/ThroneOfLies_Data/Managed/UnityEngine.Networking.dll into Unity Child Domain
Platform assembly: /home/juleah/.local/share/Steam/steamapps/common/Throne of Lies/ThroneOfLies_Data/Managed/GameAnalytics.dll (this message is harmless)
Loading /home/juleah/.local/share/Steam/steamapps/common/Throne of Lies/ThroneOfLies_Data/Managed/GameAnalytics.dll into Unity Child Domain
Platform assembly: /home/juleah/.local/share/Steam/steamapps/common/Throne of Lies/ThroneOfLies_Data/Managed/BouncyCastle_GameSparks.dll (this message is harmless)
Loading /home/juleah/.local/share/Steam/steamapps/common/Throne of Lies/ThroneOfLies_Data/Managed/BouncyCastle_GameSparks.dll into Unity Child Domain
Platform assembly: /home/juleah/.local/share/Steam/steamapps/common/Throne of Lies/ThroneOfLies_Data/Managed/GameSparks.Api.dll (this message is harmless)
Loading /home/juleah/.local/share/Steam/steamapps/common/Throne of Lies/ThroneOfLies_Data/Managed/GameSparks.Api.dll into Unity Child Domain
Platform assembly: /home/juleah/.local/share/Steam/steamapps/common/Throne of Lies/ThroneOfLies_Data/Managed/GameSparks.dll (this message is harmless)
Loading /home/juleah/.local/share/Steam/steamapps/common/Throne of Lies/ThroneOfLies_Data/Managed/GameSparks.dll into Unity Child Domain
Platform assembly: /home/juleah/.local/share/Steam/steamapps/common/Throne of Lies/ThroneOfLies_Data/Managed/GameSparksRT.dll (this message is harmless)
Loading /home/juleah/.local/share/Steam/steamapps/common/Throne of Lies/ThroneOfLies_Data/Managed/GameSparksRT.dll into Unity Child Domain
Platform assembly: /home/juleah/.local/share/Steam/steamapps/common/Throne of Lies/ThroneOfLies_Data/Managed/Newtonsoft.Json.dll (this message is harmless)
Loading /home/juleah/.local/share/Steam/steamapps/common/Throne of Lies/ThroneOfLies_Data/Managed/Newtonsoft.Json.dll into Unity Child Domain
Platform assembly: /home/juleah/.local/share/Steam/steamapps/common/Throne of Lies/ThroneOfLies_Data/Managed/NestedPrefabs.dll (this message is harmless)
Loading /home/juleah/.local/share/Steam/steamapps/common/Throne of Lies/ThroneOfLies_Data/Managed/NestedPrefabs.dll into Unity Child Domain
Platform assembly: /home/juleah/.local/share/Steam/steamapps/common/Throne of Lies/ThroneOfLies_Data/Managed/Photon3Unity3D.dll (this message is harmless)
Loading /home/juleah/.local/share/Steam/steamapps/common/Throne of Lies/ThroneOfLies_Data/Managed/Photon3Unity3D.dll into Unity Child Domain
Platform assembly: /home/juleah/.local/share/Steam/steamapps/common/Throne of Lies/ThroneOfLies_Data/Managed/System.Windows.Forms.dll (this message is harmless)
Loading /home/juleah/.local/share/Steam/steamapps/common/Throne of Lies/ThroneOfLies_Data/Managed/System.Windows.Forms.dll into Unity Child Domain
Platform assembly: /home/juleah/.local/share/Steam/steamapps/common/Throne of Lies/ThroneOfLies_Data/Managed/UnityEngine.CrashLog.dll (this message is harmless)
Loading /home/juleah/.local/share/Steam/steamapps/common/Throne of Lies/ThroneOfLies_Data/Managed/UnityEngine.CrashLog.dll into Unity Child Domain
Platform assembly: /home/juleah/.local/share/Steam/steamapps/common/Throne of Lies/ThroneOfLies_Data/Managed/TextMeshPro-5.6-1.0.56-Runtime.dll (this message is harmless)
Loading /home/juleah/.local/share/Steam/steamapps/common/Throne of Lies/ThroneOfLies_Data/Managed/TextMeshPro-5.6-1.0.56-Runtime.dll into Unity Child Domain
- Completed reload, in  0.043 seconds
Platform assembly: /home/juleah/.local/share/Steam/steamapps/common/Throne of Lies/ThroneOfLies_Data/Managed/System.Core.dll (this message is harmless)
Platform assembly: /home/juleah/.local/share/Steam/steamapps/common/Throne of Lies/ThroneOfLies_Data/Managed/System.dll (this message is harmless)
OnLevelWasLoaded was found on Reporter
This message has been deprecated and will be removed in a later version of Unity.
Add a delegate to SceneManager.sceneLoaded instead to get notifications after scene loading has completed
 
(Filename:  Line: 376)

OnLevelWasLoaded was found on LobbyPhoton
This message has been deprecated and will be removed in a later version of Unity.
Add a delegate to SceneManager.sceneLoaded instead to get notifications after scene loading has completed
 
(Filename:  Line: 376)

OnLevelWasLoaded was found on GameSparksMgr
This message has been deprecated and will be removed in a later version of Unity.
Add a delegate to SceneManager.sceneLoaded instead to get notifications after scene loading has completed
 
(Filename:  Line: 376)

OnLevelWasLoaded was found on MySteamFriends
This message has been deprecated and will be removed in a later version of Unity.
Add a delegate to SceneManager.sceneLoaded instead to get notifications after scene loading has completed
 
(Filename:  Line: 376)

Platform assembly: /home/juleah/.local/share/Steam/steamapps/common/Throne of Lies/ThroneOfLies_Data/Managed/Boo.Lang.dll (this message is harmless)
OnLevelWasLoaded was found on PhotonMgr
This message has been deprecated and will be removed in a later version of Unity.
Add a delegate to SceneManager.sceneLoaded instead to get notifications after scene loading has completed
 
(Filename:  Line: 376)

New context 0x74363d8 created with attributes:
Default vsync count 0
requesting resize 1920 x 1080
resizing window to 1920 x 1080
Desktop is 1920 x 1080 @ 60 Hz
UnloadTime: 1.112000 ms
Fallback handler could not load library /home/juleah/.local/share/Steam/steamapps/common/Throne of Lies/ThroneOfLies_Data/Mono/x86_64/discord-rpc
[Discord] init @ OnEnable
 
(Filename: /home/builduser/buildslave/unity/build/artifacts/generated/common/runtime/DebugBindings.gen.cpp Line: 51)

[PhotonMgr] @ Awake
 
(Filename: /home/builduser/buildslave/unity/build/artifacts/generated/common/runtime/DebugBindings.gen.cpp Line: 51)

[Login] @ resetUI
 
(Filename: /home/builduser/buildslave/unity/build/artifacts/generated/common/runtime/DebugBindings.gen.cpp Line: 51)

[CommonMono] @ Awake
 
(Filename: /home/builduser/buildslave/unity/build/artifacts/generated/common/runtime/DebugBindings.gen.cpp Line: 51)

Platform assembly: /home/juleah/.local/share/Steam/steamapps/common/Throne of Lies/ThroneOfLies_Data/Managed/Mono.Data.Sqlite.dll (this message is harmless)
Platform assembly: /home/juleah/.local/share/Steam/steamapps/common/Throne of Lies/ThroneOfLies_Data/Managed/System.Data.dll (this message is harmless)
Custom id is enabled. Initialize is delayed until custom id has been set.
 
(Filename: /home/builduser/buildslave/unity/build/artifacts/generated/common/runtime/DebugBindings.gen.cpp Line: 51)

[PhotonMgr] @ Start
 
(Filename: /home/builduser/buildslave/unity/build/artifacts/generated/common/runtime/DebugBindings.gen.cpp Line: 51)

[LOGIN] @ PreLoadNewScene: DO NOT EXIT PLAY MODE UNTIL SCENE LOADS... UNITY WILL CRASH!
 
(Filename: /home/builduser/buildslave/unity/build/artifacts/generated/common/runtime/DebugBindings.gen.cpp Line: 51)

[LOGIN] @ CheckApiStatusFromRemote
 
(Filename: /home/builduser/buildslave/unity/build/artifacts/generated/common/runtime/DebugBindings.gen.cpp Line: 51)

[ToL-API] Checking online status..
 
(Filename: /home/builduser/buildslave/unity/build/artifacts/generated/common/runtime/DebugBindings.gen.cpp Line: 51)

[ToL-API] Waiting for callback..
 
(Filename: /home/builduser/buildslave/unity/build/artifacts/generated/common/runtime/DebugBindings.gen.cpp Line: 51)

[Login] (WAIT) @ waitServices
 
(Filename: /home/builduser/buildslave/unity/build/artifacts/generated/common/runtime/DebugBindings.gen.cpp Line: 51)

<color=green>[Login] Steam: READY (Service 1 of 3)</color>
 
(Filename: /home/builduser/buildslave/unity/build/artifacts/generated/common/runtime/DebugBindings.gen.cpp Line: 51)

[STEAM] @ GetSteamName
 
(Filename: /home/builduser/buildslave/unity/build/artifacts/generated/common/runtime/DebugBindings.gen.cpp Line: 51)

[STEAM] Welcome, ofLegends!
 
(Filename: /home/builduser/buildslave/unity/build/artifacts/generated/common/runtime/DebugBindings.gen.cpp Line: 51)

[LOGIN] @ LoadSteamNameIntoUI
 
(Filename: /home/builduser/buildslave/unity/build/artifacts/generated/common/runtime/DebugBindings.gen.cpp Line: 51)

<color=#FBFF00FF>[Login] Waiting on TolApi...</color>
 
(Filename: /home/builduser/buildslave/unity/build/artifacts/generated/common/runtime/DebugBindings.gen.cpp Line: 51)

[LOGIN] @ CheckApiStatusFromRemote
 
(Filename: /home/builduser/buildslave/unity/build/artifacts/generated/common/runtime/DebugBindings.gen.cpp Line: 51)

[ToL-API] Checking online status..
 
(Filename: /home/builduser/buildslave/unity/build/artifacts/generated/common/runtime/DebugBindings.gen.cpp Line: 51)

[ToL-API] Waiting for callback..
 
(Filename: /home/builduser/buildslave/unity/build/artifacts/generated/common/runtime/DebugBindings.gen.cpp Line: 51)

<color=green>[Login] TolApi: READY (Service 2 of 3)</color>
 
(Filename: /home/builduser/buildslave/unity/build/artifacts/generated/common/runtime/DebugBindings.gen.cpp Line: 51)

[Login] (WAIT) @ waitServices : isGSReady==False // readyToSteamAuth==True
 
(Filename: /home/builduser/buildslave/unity/build/artifacts/generated/common/runtime/DebugBindings.gen.cpp Line: 51)

<color=#FBFF00FF>[Login] Waiting on GS...</color>
 
(Filename: /home/builduser/buildslave/unity/build/artifacts/generated/common/runtime/DebugBindings.gen.cpp Line: 51)

[Lobby] @ setAnalytics
 
(Filename: /home/builduser/buildslave/unity/build/artifacts/generated/common/runtime/DebugBindings.gen.cpp Line: 51)

[GS] @ Start
 
(Filename: /home/builduser/buildslave/unity/build/artifacts/generated/common/runtime/DebugBindings.gen.cpp Line: 51)

[GS] @ (WAIT) waitStableConnection
 
(Filename: /home/builduser/buildslave/unity/build/artifacts/generated/common/runtime/DebugBindings.gen.cpp Line: 51)

[GS] @ waitStableConnection : hasInternet (READY)
 
(Filename: /home/builduser/buildslave/unity/build/artifacts/generated/common/runtime/DebugBindings.gen.cpp Line: 51)

[GS]*WARN @ waitStableConnection: !GS.Available! Waiting for 30s (this is normal at init)...
 
(Filename: /home/builduser/buildslave/unity/build/artifacts/generated/common/runtime/DebugBindings.gen.cpp Line: 51)

[GS] @ Start (DONE)
 
(Filename: /home/builduser/buildslave/unity/build/artifacts/generated/common/runtime/DebugBindings.gen.cpp Line: 51)

[STEAM] @ Start
 
(Filename: /home/builduser/buildslave/unity/build/artifacts/generated/common/runtime/DebugBindings.gen.cpp Line: 51)

[STEAM] @ GetSteamName
 
(Filename: /home/builduser/buildslave/unity/build/artifacts/generated/common/runtime/DebugBindings.gen.cpp Line: 51)

[STEAM] Welcome, ofLegends!
 
(Filename: /home/builduser/buildslave/unity/build/artifacts/generated/common/runtime/DebugBindings.gen.cpp Line: 51)

[STEAM] @ getGameLanguage
 
(Filename: /home/builduser/buildslave/unity/build/artifacts/generated/common/runtime/DebugBindings.gen.cpp Line: 51)

[STEAM] GameLanguage: english
 
(Filename: /home/builduser/buildslave/unity/build/artifacts/generated/common/runtime/DebugBindings.gen.cpp Line: 51)

[STEAM] gameLanguageCodeISO6391: en
 
(Filename: /home/builduser/buildslave/unity/build/artifacts/generated/common/runtime/DebugBindings.gen.cpp Line: 51)

Platform assembly: /home/juleah/.local/share/Steam/steamapps/common/Throne of Lies/ThroneOfLies_Data/Managed/System.Configuration.dll (this message is harmless)
Platform assembly: /home/juleah/.local/share/Steam/steamapps/common/Throne of Lies/ThroneOfLies_Data/Managed/System.Xml.dll (this message is harmless)
Fallback handler could not load library /home/juleah/.local/share/Steam/steamapps/common/Throne of Lies/ThroneOfLies_Data/Mono/x86_64/discord-rpc
Setting up 4 worker threads for Enlighten.
  Thread -> id: 7ff301d67700 -> priority: 1 
  Thread -> id: 7ff302568700 -> priority: 1 
  Thread -> id: 7ff301566700 -> priority: 1 
  Thread -> id: 7ff300d65700 -> priority: 1 
GfxDevice: creating device client; threaded=1
GfxDevice: creating device client; threaded=1
requesting resize 1920 x 1051
resizing window to 1920 x 1051
Desktop is 1920 x 1080 @ 60 Hz
Desktop is 1920 x 1080 @ 144 Hz
[Discord] ready
 
(Filename: /home/builduser/buildslave/unity/build/artifacts/generated/common/runtime/DebugBindings.gen.cpp Line: 51)

[Discord] @ updatePresenceInitOnRdy
 
(Filename: /home/builduser/buildslave/unity/build/artifacts/generated/common/runtime/DebugBindings.gen.cpp Line: 51)

Unloading 6 Unused Serialized files (Serialized files now loaded: 0)
Fallback handler could not load library /home/juleah/.local/share/Steam/steamapps/common/Throne of Lies/ThroneOfLies_Data/Mono/x86_64/discord-rpc
[Login] 'LobbyNew' scene is PRE-LOADED!
 
(Filename: /home/builduser/buildslave/unity/build/artifacts/generated/common/runtime/DebugBindings.gen.cpp Line: 51)

[ToL-API] Successful callback: UnityEngine.WWW
 
(Filename: /home/builduser/buildslave/unity/build/artifacts/generated/common/runtime/DebugBindings.gen.cpp Line: 51)

[ToL-API-Callback (CheckIsOnline)] {"status":"ONLINE"}
 
(Filename: /home/builduser/buildslave/unity/build/artifacts/generated/common/runtime/DebugBindings.gen.cpp Line: 51)

[ToL-API] STATUS >> ONLINE
 
(Filename: /home/builduser/buildslave/unity/build/artifacts/generated/common/runtime/DebugBindings.gen.cpp Line: 51)

[ToL-API] Successful callback: UnityEngine.WWW
 
(Filename: /home/builduser/buildslave/unity/build/artifacts/generated/common/runtime/DebugBindings.gen.cpp Line: 51)

[ToL-API-Callback (CheckIsOnline)] {"status":"ONLINE"}
 
(Filename: /home/builduser/buildslave/unity/build/artifacts/generated/common/runtime/DebugBindings.gen.cpp Line: 51)

[ToL-API] STATUS >> ONLINE
 
(Filename: /home/builduser/buildslave/unity/build/artifacts/generated/common/runtime/DebugBindings.gen.cpp Line: 51)

[GS] @ GsServiceHandler // available? True
 
(Filename: /home/builduser/buildslave/unity/build/artifacts/generated/common/runtime/DebugBindings.gen.cpp Line: 51)

<color=green>[GS] INITIALIZED (isGSReady == true)!</color>
 
(Filename: /home/builduser/buildslave/unity/build/artifacts/generated/common/runtime/DebugBindings.gen.cpp Line: 51)

[GS] @ PrepSteamConnectReqGetNewTicket // cancelOldTicket? True
 
(Filename: /home/builduser/buildslave/unity/build/artifacts/generated/common/runtime/DebugBindings.gen.cpp Line: 51)

[STEAM] @ GetAuthSessionTicket
 
(Filename: /home/builduser/buildslave/unity/build/artifacts/generated/common/runtime/DebugBindings.gen.cpp Line: 51)

[STEAM] Cancelling old auth ticket..
 
(Filename: /home/builduser/buildslave/unity/build/artifacts/generated/common/runtime/DebugBindings.gen.cpp Line: 51)

[STEAM] Waiting for OnGetAuthSessionTicketResponse...
 
(Filename: /home/builduser/buildslave/unity/build/artifacts/generated/common/runtime/DebugBindings.gen.cpp Line: 51)

<color=green>[Login] GS: READY (Service 3 of 3)</color>
 
(Filename: /home/builduser/buildslave/unity/build/artifacts/generated/common/runtime/DebugBindings.gen.cpp Line: 51)

<color=lime>[Login] (READY) @ waitServices</color>
 
(Filename: /home/builduser/buildslave/unity/build/artifacts/generated/common/runtime/DebugBindings.gen.cpp Line: 51)

[LOGIN] @ ToggleSteamBtnInteract
 
(Filename: /home/builduser/buildslave/unity/build/artifacts/generated/common/runtime/DebugBindings.gen.cpp Line: 51)

[GS] @ waitStableConnection : isGSAvail (READY)
 
(Filename: /home/builduser/buildslave/unity/build/artifacts/generated/common/runtime/DebugBindings.gen.cpp Line: 51)

[GS] @ (READY) waitStableConnection: a damn fine connection!
 
(Filename: /home/builduser/buildslave/unity/build/artifacts/generated/common/runtime/DebugBindings.gen.cpp Line: 51)

[STEAM] Callback [163 - GetAuthSessionTicketResponse] - 2 -- k_EResultOK
 
(Filename: /home/builduser/buildslave/unity/build/artifacts/generated/common/runtime/DebugBindings.gen.cpp Line: 51)

[STEAM] Successful OnGetAuthSessionTicketresponse!
 
(Filename: /home/builduser/buildslave/unity/build/artifacts/generated/common/runtime/DebugBindings.gen.cpp Line: 51)

[GS] PrepSteamConnectReqGetNewTicket: We now have a steam ticket. Ready for Steam auth!
 
(Filename: /home/builduser/buildslave/unity/build/artifacts/generated/common/runtime/DebugBindings.gen.cpp Line: 51)

[STEAM] @ GetSteamName
 
(Filename: /home/builduser/buildslave/unity/build/artifacts/generated/common/runtime/DebugBindings.gen.cpp Line: 51)

[STEAM] Welcome, ofLegends!
 
(Filename: /home/builduser/buildslave/unity/build/artifacts/generated/common/runtime/DebugBindings.gen.cpp Line: 51)

[STEAM] @ GetSteamName
 
(Filename: /home/builduser/buildslave/unity/build/artifacts/generated/common/runtime/DebugBindings.gen.cpp Line: 51)

[STEAM] Welcome, ofLegends!
 
(Filename: /home/builduser/buildslave/unity/build/artifacts/generated/common/runtime/DebugBindings.gen.cpp Line: 51)

[GS] @ SteamConnectRequestWithTicket
 
(Filename: /home/builduser/buildslave/unity/build/artifacts/generated/common/runtime/DebugBindings.gen.cpp Line: 51)

[GS] SteamConnectRequestWithTicket success!
 
(Filename: /home/builduser/buildslave/unity/build/artifacts/generated/common/runtime/DebugBindings.gen.cpp Line: 51)

[GS] WELCOME (UserId / pid / gsid): 5aa160a80b204504fe90abf7
 
(Filename: /home/builduser/buildslave/unity/build/artifacts/generated/common/runtime/DebugBindings.gen.cpp Line: 51)

[GS] GS_INFO >> version:5.6.3.205 // apiKey:u316884P1Sv7 // apiStage:live, deviceId:dbbe5b4c77c641a4bc024e1effd0037d
 
(Filename: /home/builduser/buildslave/unity/build/artifacts/generated/common/runtime/DebugBindings.gen.cpp Line: 51)

[GSMgrInfo] @ TitleData
 
(Filename: /home/builduser/buildslave/unity/build/artifacts/generated/common/runtime/DebugBindings.gen.cpp Line: 51)

[GSMgrInfo] @ TitleNews
 
(Filename: /home/builduser/buildslave/unity/build/artifacts/generated/common/runtime/DebugBindings.gen.cpp Line: 51)

[LOGIN] @ gsSetNews (from gsMgr.afterAuthReqSuccess)
 
(Filename: /home/builduser/buildslave/unity/build/artifacts/generated/common/runtime/DebugBindings.gen.cpp Line: 51)

[GS] (WAIT) @ getTitleNews
 
(Filename: /home/builduser/buildslave/unity/build/artifacts/generated/common/runtime/DebugBindings.gen.cpp Line: 51)

[GS] (READY) @ getTitleNews
 
(Filename: /home/builduser/buildslave/unity/build/artifacts/generated/common/runtime/DebugBindings.gen.cpp Line: 51)

[LOGIN] Got title news - placing in news UI..
 
(Filename: /home/builduser/buildslave/unity/build/artifacts/generated/common/runtime/DebugBindings.gen.cpp Line: 51)

[LOGIN] Assigning (3) News..
 
(Filename: /home/builduser/buildslave/unity/build/artifacts/generated/common/runtime/DebugBindings.gen.cpp Line: 51)

[Login] Found news headline: v1.1 is Live!
 
(Filename: /home/builduser/buildslave/unity/build/artifacts/generated/common/runtime/DebugBindings.gen.cpp Line: 51)

[Login] Found news headline: Read our Rules @
throneofli.es/rules
 
(Filename: /home/builduser/buildslave/unity/build/artifacts/generated/common/runtime/DebugBindings.gen.cpp Line: 51)

[Login] Found news headline: Welcome to v1.0!
 
(Filename: /home/builduser/buildslave/unity/build/artifacts/generated/common/runtime/DebugBindings.gen.cpp Line: 51)

==========================================
 
(Filename: /home/builduser/buildslave/unity/build/artifacts/generated/common/runtime/DebugBindings.gen.cpp Line: 51)

[GS] @ AccountDetailsRequest
 
(Filename: /home/builduser/buildslave/unity/build/artifacts/generated/common/runtime/DebugBindings.gen.cpp Line: 51)

[GS] @ listGameFriendsRequest
 
(Filename: /home/builduser/buildslave/unity/build/artifacts/generated/common/runtime/DebugBindings.gen.cpp Line: 51)

[GS] @ updateSingleStatDataInt: timesLoggedIn
 
(Filename: /home/builduser/buildslave/unity/build/artifacts/generated/common/runtime/DebugBindings.gen.cpp Line: 51)

[GS] @ updatePlayerStats
 
(Filename: /home/builduser/buildslave/unity/build/artifacts/generated/common/runtime/DebugBindings.gen.cpp Line: 51)

[GS] [WAITING] @ waitPostSteamAuthCallsDone
 
(Filename: /home/builduser/buildslave/unity/build/artifacts/generated/common/runtime/DebugBindings.gen.cpp Line: 51)

[GS] @ prepConnectToPhotonAfterAuth
 
(Filename: /home/builduser/buildslave/unity/build/artifacts/generated/common/runtime/DebugBindings.gen.cpp Line: 51)

[PhotonMgr] @ PhotonConnectGS (SetAuthVals)
 
(Filename: /home/builduser/buildslave/unity/build/artifacts/generated/common/runtime/DebugBindings.gen.cpp Line: 51)

[PhotonMgr] Settings >> playerName (displayName): ofLegends // userId (username): 5aa160a80b204504fe90abf7 // gameVer: v1.1.2b 
 
(Filename: /home/builduser/buildslave/unity/build/artifacts/generated/common/runtime/DebugBindings.gen.cpp Line: 51)

[GS] accountDetailsRequest success!
 
(Filename: /home/builduser/buildslave/unity/build/artifacts/generated/common/runtime/DebugBindings.gen.cpp Line: 51)

[GSInfo] gp == 84 // raw? True
 
(Filename: /home/builduser/buildslave/unity/build/artifacts/generated/common/runtime/DebugBindings.gen.cpp Line: 51)

[GSMgr] @ addInvListsToSession
 
(Filename: /home/builduser/buildslave/unity/build/artifacts/generated/common/runtime/DebugBindings.gen.cpp Line: 51)

[GS] [READY] @ waitPostSessionAndStoreBeforeLogin: Ready (from GS) to login
 
(Filename: /home/builduser/buildslave/unity/build/artifacts/generated/common/runtime/DebugBindings.gen.cpp Line: 51)

==================================
 
(Filename: /home/builduser/buildslave/unity/build/artifacts/generated/common/runtime/DebugBindings.gen.cpp Line: 51)

[GS] updatePlayerStats success!
 
(Filename: /home/builduser/buildslave/unity/build/artifacts/generated/common/runtime/DebugBindings.gen.cpp Line: 51)

[GS] Successful updatePlayerStats!
 
(Filename: /home/builduser/buildslave/unity/build/artifacts/generated/common/runtime/DebugBindings.gen.cpp Line: 51)

[PhotonMgr] @ OnJoinedLobby: [re]ConnectedAndReady=True // UserId=5aa160a80b204504fe90abf7 // Nickname=ofLegends
 
(Filename: /home/builduser/buildslave/unity/build/artifacts/generated/common/runtime/DebugBindings.gen.cpp Line: 51)

[Photon] @ joinSpectatorToggle // isSpectator==False
 
(Filename: /home/builduser/buildslave/unity/build/artifacts/generated/common/runtime/DebugBindings.gen.cpp Line: 51)

[Photon] @ setPhotonPlayerPropBool: isSpectator // newBoolVal==False
 
(Filename: /home/builduser/buildslave/unity/build/artifacts/generated/common/runtime/DebugBindings.gen.cpp Line: 51)

[GS] [READY] @ waitPostSteamAuthCallsDone: Ready (from GS) to change scenes after item store is init'd!
 
(Filename: /home/builduser/buildslave/unity/build/artifacts/generated/common/runtime/DebugBindings.gen.cpp Line: 51)

==================================
 
(Filename: /home/builduser/buildslave/unity/build/artifacts/generated/common/runtime/DebugBindings.gen.cpp Line: 51)

[LOGIN] Steam LOGIN btn was clicked..
 
(Filename: /home/builduser/buildslave/unity/build/artifacts/generated/common/runtime/DebugBindings.gen.cpp Line: 51)

==========================================
 
(Filename: /home/builduser/buildslave/unity/build/artifacts/generated/common/runtime/DebugBindings.gen.cpp Line: 51)

[LOGGING-IN] @ LoginWithSteamGS()
 
(Filename: /home/builduser/buildslave/unity/build/artifacts/generated/common/runtime/DebugBindings.gen.cpp Line: 51)

[LOGIN] @ ToggleSteamBtnInteract
 
(Filename: /home/builduser/buildslave/unity/build/artifacts/generated/common/runtime/DebugBindings.gen.cpp Line: 51)

==========================================
 
(Filename: /home/builduser/buildslave/unity/build/artifacts/generated/common/runtime/DebugBindings.gen.cpp Line: 51)

[LOGGED-IN] @ ProcessLoginResult()
 
(Filename: /home/builduser/buildslave/unity/build/artifacts/generated/common/runtime/DebugBindings.gen.cpp Line: 51)

[LOGGED-IN] About to verify email
 
(Filename: /home/builduser/buildslave/unity/build/artifacts/generated/common/runtime/DebugBindings.gen.cpp Line: 51)

[LOGGING-IN] @ afterLoginInitVerify
 
(Filename: /home/builduser/buildslave/unity/build/artifacts/generated/common/runtime/DebugBindings.gen.cpp Line: 51)

[LOGGING-IN] linkedSteamId == mySteamId. Steam verified.
 
(Filename: /home/builduser/buildslave/unity/build/artifacts/generated/common/runtime/DebugBindings.gen.cpp Line: 51)

==========================================
 
(Filename: /home/builduser/buildslave/unity/build/artifacts/generated/common/runtime/DebugBindings.gen.cpp Line: 51)

[LOGGING-IN] ShowNewTerms()
 
(Filename: /home/builduser/buildslave/unity/build/artifacts/generated/common/runtime/DebugBindings.gen.cpp Line: 51)

[LOGGING-IN] ALREADY SEEN Latest terms -- Logging into lobby..
 
(Filename: /home/builduser/buildslave/unity/build/artifacts/generated/common/runtime/DebugBindings.gen.cpp Line: 51)

==========================================
 
(Filename: /home/builduser/buildslave/unity/build/artifacts/generated/common/runtime/DebugBindings.gen.cpp Line: 51)

[LOGGING-IN] PrepLobbyAfterTermsAcceptGS()
 
(Filename: /home/builduser/buildslave/unity/build/artifacts/generated/common/runtime/DebugBindings.gen.cpp Line: 51)

[LOGGING-IN] @ CheckVersion
 
(Filename: /home/builduser/buildslave/unity/build/artifacts/generated/common/runtime/DebugBindings.gen.cpp Line: 51)

[GSInfo] serverVer == v1.1.2b
 
(Filename: /home/builduser/buildslave/unity/build/artifacts/generated/common/runtime/DebugBindings.gen.cpp Line: 51)

[Common] MyVer: v1.1.2b / ServerVer: v1.1.2b
 
(Filename: /home/builduser/buildslave/unity/build/artifacts/generated/common/runtime/DebugBindings.gen.cpp Line: 51)

[GSInfo] forcePatchOnVerMismatch == True
 
(Filename: /home/builduser/buildslave/unity/build/artifacts/generated/common/runtime/DebugBindings.gen.cpp Line: 51)

[LOGIN-TO-LOBBY] **CHANGING SCENES IN 0.2 SECONDS..**
 
(Filename: /home/builduser/buildslave/unity/build/artifacts/generated/common/runtime/DebugBindings.gen.cpp Line: 51)

[LOGIN-TO-LOBBY] Callbacks returned. Lobby loaded. Changing NOW!
 
(Filename: /home/builduser/buildslave/unity/build/artifacts/generated/common/runtime/DebugBindings.gen.cpp Line: 51)

==========================================
 
(Filename: /home/builduser/buildslave/unity/build/artifacts/generated/common/runtime/DebugBindings.gen.cpp Line: 51)

UnloadTime: 7.995000 ms
[FriendsList] @ Awake
 
(Filename: /home/builduser/buildslave/unity/build/artifacts/generated/common/runtime/DebugBindings.gen.cpp Line: 51)

[AccountLinks] @ Awake
 
(Filename: /home/builduser/buildslave/unity/build/artifacts/generated/common/runtime/DebugBindings.gen.cpp Line: 51)

[ItemStore] @ Awake
 
(Filename: /home/builduser/buildslave/unity/build/artifacts/generated/common/runtime/DebugBindings.gen.cpp Line: 51)

[GS] @ OnLevelWasLoaded: 1
 
(Filename: /home/builduser/buildslave/unity/build/artifacts/generated/common/runtime/DebugBindings.gen.cpp Line: 51)

===============================
 
(Filename: /home/builduser/buildslave/unity/build/artifacts/generated/common/runtime/DebugBindings.gen.cpp Line: 51)

[GS] Initializing item store...
 
(Filename: /home/builduser/buildslave/unity/build/artifacts/generated/common/runtime/DebugBindings.gen.cpp Line: 51)

[ItemStore] @ initItemStore
 
(Filename: /home/builduser/buildslave/unity/build/artifacts/generated/common/runtime/DebugBindings.gen.cpp Line: 51)

[ItemStore] Finished loading scrolls. Updating myChar and caching my equipped items...
 
(Filename: /home/builduser/buildslave/unity/build/artifacts/generated/common/runtime/DebugBindings.gen.cpp Line: 51)

===============================
 
(Filename: /home/builduser/buildslave/unity/build/artifacts/generated/common/runtime/DebugBindings.gen.cpp Line: 51)

[GS] Grabbing queue of messages to popup!
 
(Filename: /home/builduser/buildslave/unity/build/artifacts/generated/common/runtime/DebugBindings.gen.cpp Line: 51)

[GS] @ listMessageRequest
 
(Filename: /home/builduser/buildslave/unity/build/artifacts/generated/common/runtime/DebugBindings.gen.cpp Line: 51)

[Lobby] @ OnLevelWasLoaded: Checking for reconnection to Photon! State = Connected
 
(Filename: /home/builduser/buildslave/unity/build/artifacts/generated/common/runtime/DebugBindings.gen.cpp Line: 51)

[FriendsList] @ Start
 
(Filename: /home/builduser/buildslave/unity/build/artifacts/generated/common/runtime/DebugBindings.gen.cpp Line: 51)

[UI] @ toggleChat. setOn? False
 
(Filename: /home/builduser/buildslave/unity/build/artifacts/generated/common/runtime/DebugBindings.gen.cpp Line: 51)

[GSInfo] sawInteractiveTutorial == True
 
(Filename: /home/builduser/buildslave/unity/build/artifacts/generated/common/runtime/DebugBindings.gen.cpp Line: 51)

[UI] @ mmVerifyVersion
 
(Filename: /home/builduser/buildslave/unity/build/artifacts/generated/common/runtime/DebugBindings.gen.cpp Line: 51)

[GSInfo] serverVer == v1.1.2b
 
(Filename: /home/builduser/buildslave/unity/build/artifacts/generated/common/runtime/DebugBindings.gen.cpp Line: 51)

[Common] MyVer: v1.1.2b / ServerVer: v1.1.2b
 
(Filename: /home/builduser/buildslave/unity/build/artifacts/generated/common/runtime/DebugBindings.gen.cpp Line: 51)

[AccountLinks] @ Start
 
(Filename: /home/builduser/buildslave/unity/build/artifacts/generated/common/runtime/DebugBindings.gen.cpp Line: 51)

[Lobby] @ Start
 
(Filename: /home/builduser/buildslave/unity/build/artifacts/generated/common/runtime/DebugBindings.gen.cpp Line: 51)

[Lobby] @ BoslofLobbyInit
 
(Filename: /home/builduser/buildslave/unity/build/artifacts/generated/common/runtime/DebugBindings.gen.cpp Line: 51)

[Lobby] @ InitLobbyUI
 
(Filename: /home/builduser/buildslave/unity/build/artifacts/generated/common/runtime/DebugBindings.gen.cpp Line: 51)

[UI] @ SetDisplayNameUI: ofLegends
 
(Filename: /home/builduser/buildslave/unity/build/artifacts/generated/common/runtime/DebugBindings.gen.cpp Line: 51)

[GSInfo] gp == 84 // raw? False
 
(Filename: /home/builduser/buildslave/unity/build/artifacts/generated/common/runtime/DebugBindings.gen.cpp Line: 51)

[UI] @ updateGpShown: 84
 
(Filename: /home/builduser/buildslave/unity/build/artifacts/generated/common/runtime/DebugBindings.gen.cpp Line: 51)

[ToL-API] @ DiscordGetUsersOnline
 
(Filename: /home/builduser/buildslave/unity/build/artifacts/generated/common/runtime/DebugBindings.gen.cpp Line: 51)

[ToL-API] Waiting for callback..
 
(Filename: /home/builduser/buildslave/unity/build/artifacts/generated/common/runtime/DebugBindings.gen.cpp Line: 51)

[Lobby] @ checkInitJoinedLobby
 
(Filename: /home/builduser/buildslave/unity/build/artifacts/generated/common/runtime/DebugBindings.gen.cpp Line: 51)

[Photon] PUN ver: 1.88 gameVer: // v1.1.2b
 
(Filename: /home/builduser/buildslave/unity/build/artifacts/generated/common/runtime/DebugBindings.gen.cpp Line: 51)

[Analytics] @ GAInit
 
(Filename: /home/builduser/buildslave/unity/build/artifacts/generated/common/runtime/DebugBindings.gen.cpp Line: 51)

Initializing with custom id: 5aa160a80b204504fe90abf7
 
(Filename: /home/builduser/buildslave/unity/build/artifacts/generated/common/runtime/DebugBindings.gen.cpp Line: 51)

[Lobby] @ UpdateDiscordBot
 
(Filename: /home/builduser/buildslave/unity/build/artifacts/generated/common/runtime/DebugBindings.gen.cpp Line: 51)

[API] @ SendDiscordJoinCreateHook
 
(Filename: /home/builduser/buildslave/unity/build/artifacts/generated/common/runtime/DebugBindings.gen.cpp Line: 51)

[ToL-API] Waiting for callback..
 
(Filename: /home/builduser/buildslave/unity/build/artifacts/generated/common/runtime/DebugBindings.gen.cpp Line: 51)

GfxDevice: creating device client; threaded=1
GfxDevice: creating device client; threaded=1
GfxDevice: creating device client; threaded=1

Unloading 106 unused Assets to reduce memory usage. Loaded Objects now: 48624.
Total: 135.490005 ms (FindLiveObjects: 3.246000 ms CreateObjectMapping: 2.974000 ms MarkObjects: 128.628006 ms  DeleteObjects: 0.641000 ms)

Unloading 1 Unused Serialized files (Serialized files now loaded: 0)

Unloading 0 unused Assets to reduce memory usage. Loaded Objects now: 48624.
Total: 134.041000 ms (FindLiveObjects: 3.195000 ms CreateObjectMapping: 1.785000 ms MarkObjects: 128.931000 ms  DeleteObjects: 0.130000 ms)

[GS] listMessageRequest success!
 
(Filename: /home/builduser/buildslave/unity/build/artifacts/generated/common/runtime/DebugBindings.gen.cpp Line: 51)

[Lobby] @ OnJoinedLobby
 
(Filename: /home/builduser/buildslave/unity/build/artifacts/generated/common/runtime/DebugBindings.gen.cpp Line: 51)

[Lobby] Starting lobby polling now.
 
(Filename: /home/builduser/buildslave/unity/build/artifacts/generated/common/runtime/DebugBindings.gen.cpp Line: 51)

[GS] @ joinedPhotonLobby
 
(Filename: /home/builduser/buildslave/unity/build/artifacts/generated/common/runtime/DebugBindings.gen.cpp Line: 51)

[Lobby] @ (Init) checkReconnectToLiveGame
 
(Filename: /home/builduser/buildslave/unity/build/artifacts/generated/common/runtime/DebugBindings.gen.cpp Line: 51)

[Discord] @ UpdatePresenceLobby
 
(Filename: /home/builduser/buildslave/unity/build/artifacts/generated/common/runtime/DebugBindings.gen.cpp Line: 51)

[Discord] @ UpdatePresence
 
(Filename: /home/builduser/buildslave/unity/build/artifacts/generated/common/runtime/DebugBindings.gen.cpp Line: 51)

[Discord] @ rpInfo.constructor
 
(Filename: /home/builduser/buildslave/unity/build/artifacts/generated/common/runtime/DebugBindings.gen.cpp Line: 51)

[Discord] @ rpInfo.constructor.rpInitLobbyIdle
 
(Filename: /home/builduser/buildslave/unity/build/artifacts/generated/common/runtime/DebugBindings.gen.cpp Line: 51)

[Lobby] (WAITING) @ updateLobbyStats
 
(Filename: /home/builduser/buildslave/unity/build/artifacts/generated/common/runtime/DebugBindings.gen.cpp Line: 51)

[Lobby] (READY 1/2) @ updateLobbyStats
 
(Filename: /home/builduser/buildslave/unity/build/artifacts/generated/common/runtime/DebugBindings.gen.cpp Line: 51)

[Lobby] initLobbyStatsDone==ALMOST
 
(Filename: /home/builduser/buildslave/unity/build/artifacts/generated/common/runtime/DebugBindings.gen.cpp Line: 51)

[GS] @ listGameFriendsRequest
 
(Filename: /home/builduser/buildslave/unity/build/artifacts/generated/common/runtime/DebugBindings.gen.cpp Line: 51)

[Lobby] (READY 2/2) @ updateLobbyStats
 
(Filename: /home/builduser/buildslave/unity/build/artifacts/generated/common/runtime/DebugBindings.gen.cpp Line: 51)

[Lobby] initLobbyStatsDone==true
 
(Filename: /home/builduser/buildslave/unity/build/artifacts/generated/common/runtime/DebugBindings.gen.cpp Line: 51)

[GS] joinedPhotonLobby success!
 
(Filename: /home/builduser/buildslave/unity/build/artifacts/generated/common/runtime/DebugBindings.gen.cpp Line: 51)

[xScroller] @ destroyFriendsList
 
(Filename: /home/builduser/buildslave/unity/build/artifacts/generated/common/runtime/DebugBindings.gen.cpp Line: 51)

[ToL-API] Successful callback: UnityEngine.WWW
 
(Filename: /home/builduser/buildslave/unity/build/artifacts/generated/common/runtime/DebugBindings.gen.cpp Line: 51)

[ToL-API-Callback (CheckIsOnline)] {"onlineCount":1947}
 
(Filename: /home/builduser/buildslave/unity/build/artifacts/generated/common/runtime/DebugBindings.gen.cpp Line: 51)

[ToL-API] numDiscordOnline: 1947
 
(Filename: /home/builduser/buildslave/unity/build/artifacts/generated/common/runtime/DebugBindings.gen.cpp Line: 51)

[Lobby] @ DiscordGetUsersOnline: 1947
 
(Filename: /home/builduser/buildslave/unity/build/artifacts/generated/common/runtime/DebugBindings.gen.cpp Line: 51)

[ToL-API] Successful callback: UnityEngine.WWW
 
(Filename: /home/builduser/buildslave/unity/build/artifacts/generated/common/runtime/DebugBindings.gen.cpp Line: 51)

[API] Callback (SendDiscordJoinCreateHook): {"success":true}
 
(Filename: /home/builduser/buildslave/unity/build/artifacts/generated/common/runtime/DebugBindings.gen.cpp Line: 51)

[API] SendDiscordJoinCreateHook - SUCCESS: True
 
(Filename: /home/builduser/buildslave/unity/build/artifacts/generated/common/runtime/DebugBindings.gen.cpp Line: 51)

Warning/GameAnalytics: SDK failed initialize. Game key or secret key is invalid. Can only contain characters A-z 0-9, gameKey is 32 length, gameSecret is 40 length. Failed keys - gameKey: , secretKey: 
 
(Filename: /home/builduser/buildslave/unity/build/artifacts/generated/common/runtime/DebugBindings.gen.cpp Line: 51)

Warning/GameAnalytics: Could not add progression event: Datastore not initialized
 
(Filename: /home/builduser/buildslave/unity/build/artifacts/generated/common/runtime/DebugBindings.gen.cpp Line: 51)

GfxDevice: creating device client; threaded=1
[GS] New friendCameOnlineMsgHandler from: {
    "@class": ".ScriptMessage",
    "data": {
        "senderId": "5aa160c4a7b9f704f71fa105",
        "displayName": "lebh"
    },
    "extCode": "friendOnlineMessage",
    "messageId": "5aef8075802b13054b7af6b6",
    "notification": true,
    "playerId": "5aa160a80b204504fe90abf7",
    "subTitle": "lebh",
    "summary": "<color=yellow>lebh</color>\\nhas come online",
    "title": "Friend Online"
}
 
(Filename: /home/builduser/buildslave/unity/build/artifacts/generated/common/runtime/DebugBindings.gen.cpp Line: 51)

[GS] @ listGameFriendsRequest
 
(Filename: /home/builduser/buildslave/unity/build/artifacts/generated/common/runtime/DebugBindings.gen.cpp Line: 51)

[xScroller] @ destroyFriendsList
 
(Filename: /home/builduser/buildslave/unity/build/artifacts/generated/common/runtime/DebugBindings.gen.cpp Line: 51)

[GS] @ popupInfoMsgToast
 
(Filename: /home/builduser/buildslave/unity/build/artifacts/generated/common/runtime/DebugBindings.gen.cpp Line: 51)

[GS] popupInfoMsgToast msg body == <color=#FBFF00FF>Friend Online</color>
lebh
 
(Filename: /home/builduser/buildslave/unity/build/artifacts/generated/common/runtime/DebugBindings.gen.cpp Line: 51)

[GenericWindow] @ initWindow
 
(Filename: /home/builduser/buildslave/unity/build/artifacts/generated/common/runtime/DebugBindings.gen.cpp Line: 51)

[CommonMono] (WAITING-Tween) @ toastTween
 
(Filename: /home/builduser/buildslave/unity/build/artifacts/generated/common/runtime/DebugBindings.gen.cpp Line: 51)

[CommonMono] (WAITING-5s) @ toastTween
 
(Filename: /home/builduser/buildslave/unity/build/artifacts/generated/common/runtime/DebugBindings.gen.cpp Line: 51)

[GSFriendCell] @ onInviteFriendBtnClick
 
(Filename: /home/builduser/buildslave/unity/build/artifacts/generated/common/runtime/DebugBindings.gen.cpp Line: 51)

[UI] @ mmVerifyVersion
 
(Filename: /home/builduser/buildslave/unity/build/artifacts/generated/common/runtime/DebugBindings.gen.cpp Line: 51)

[GSInfo] serverVer == v1.1.2b
 
(Filename: /home/builduser/buildslave/unity/build/artifacts/generated/common/runtime/DebugBindings.gen.cpp Line: 51)

[Common] MyVer: v1.1.2b / ServerVer: v1.1.2b
 
(Filename: /home/builduser/buildslave/unity/build/artifacts/generated/common/runtime/DebugBindings.gen.cpp Line: 51)

[UI] @ mmVerifyVersion
 
(Filename: /home/builduser/buildslave/unity/build/artifacts/generated/common/runtime/DebugBindings.gen.cpp Line: 51)

[GSInfo] serverVer == v1.1.2b
 
(Filename: /home/builduser/buildslave/unity/build/artifacts/generated/common/runtime/DebugBindings.gen.cpp Line: 51)

[Common] MyVer: v1.1.2b / ServerVer: v1.1.2b
 
(Filename: /home/builduser/buildslave/unity/build/artifacts/generated/common/runtime/DebugBindings.gen.cpp Line: 51)

[UI] @ startMM
 
(Filename: /home/builduser/buildslave/unity/build/artifacts/generated/common/runtime/DebugBindings.gen.cpp Line: 51)

[UI] @ mmVerifyVersion
 
(Filename: /home/builduser/buildslave/unity/build/artifacts/generated/common/runtime/DebugBindings.gen.cpp Line: 51)

[GSInfo] serverVer == v1.1.2b
 
(Filename: /home/builduser/buildslave/unity/build/artifacts/generated/common/runtime/DebugBindings.gen.cpp Line: 51)

[Common] MyVer: v1.1.2b / ServerVer: v1.1.2b
 
(Filename: /home/builduser/buildslave/unity/build/artifacts/generated/common/runtime/DebugBindings.gen.cpp Line: 51)

[Lobby] @ ConnectThenJoinOrCreateRoom / Photon state: Connected / mmCrumbs: InLobby
 
(Filename: /home/builduser/buildslave/unity/build/artifacts/generated/common/runtime/DebugBindings.gen.cpp Line: 51)

[Lobby] @ createSQLRoom
 
(Filename: /home/builduser/buildslave/unity/build/artifacts/generated/common/runtime/DebugBindings.gen.cpp Line: 51)

[PhotonMgr] @ generateRoomNameFromMaster
 
(Filename: /home/builduser/buildslave/unity/build/artifacts/generated/common/runtime/DebugBindings.gen.cpp Line: 51)

[Lobby] @ GenerateRoomOptionsSQLLobby // isPrivate? True
 
(Filename: /home/builduser/buildslave/unity/build/artifacts/generated/common/runtime/DebugBindings.gen.cpp Line: 51)

[Photon] @ generateRoomPropsHash
 
(Filename: /home/builduser/buildslave/unity/build/artifacts/generated/common/runtime/DebugBindings.gen.cpp Line: 51)

[Photon] @ (DONE) generateRoomPropsHash: (System.String)C0=(System.Int32)1, (System.String)C1=(System.String)Matchmaking, (System.String)C3=(System.Int32)1, (System.String)C4=(System.Int32)0, (System.String)C5=(System.Int32)0, (System.String)C2=(System.String)tol-r-oflegends-5aa160a80b204504fe90abf7-9620=
 
(Filename: /home/builduser/buildslave/unity/build/artifacts/generated/common/runtime/DebugBindings.gen.cpp Line: 51)

[Lobby] @ OnLeftLobby
 
(Filename: /home/builduser/buildslave/unity/build/artifacts/generated/common/runtime/DebugBindings.gen.cpp Line: 51)

[Lobby] @ OnCreatedRoom from serverAddress: 169.54.14.126:5056
 
(Filename: /home/builduser/buildslave/unity/build/artifacts/generated/common/runtime/DebugBindings.gen.cpp Line: 51)

[Photon] @ getPhotonRoomPropBool: isPrivateGroup
 
(Filename: /home/builduser/buildslave/unity/build/artifacts/generated/common/runtime/DebugBindings.gen.cpp Line: 51)

[Photon] getPhotonRoomPropBool: valInt==1
 
(Filename: /home/builduser/buildslave/unity/build/artifacts/generated/common/runtime/DebugBindings.gen.cpp Line: 51)

[Photon] @ getPhotonRoomPropInt: gameMode
 
(Filename: /home/builduser/buildslave/unity/build/artifacts/generated/common/runtime/DebugBindings.gen.cpp Line: 51)

[Photon] getPhotonRoomPropInt: valInt==0
 
(Filename: /home/builduser/buildslave/unity/build/artifacts/generated/common/runtime/DebugBindings.gen.cpp Line: 51)

[Photon] @ setPhotonRoomPropBoolAsInt: numSpectators // newIntVal==0
 
(Filename: /home/builduser/buildslave/unity/build/artifacts/generated/common/runtime/DebugBindings.gen.cpp Line: 51)

[Photon] @ joinSpectatorToggle // isSpectator==False
 
(Filename: /home/builduser/buildslave/unity/build/artifacts/generated/common/runtime/DebugBindings.gen.cpp Line: 51)

[Photon] @ setPhotonPlayerPropBool: isSpectator // newBoolVal==False
 
(Filename: /home/builduser/buildslave/unity/build/artifacts/generated/common/runtime/DebugBindings.gen.cpp Line: 51)

[Photon] @ getPhotonRoomPropBool: isPrivateGroup
 
(Filename: /home/builduser/buildslave/unity/build/artifacts/generated/common/runtime/DebugBindings.gen.cpp Line: 51)

[Photon] getPhotonRoomPropBool: valInt==1
 
(Filename: /home/builduser/buildslave/unity/build/artifacts/generated/common/runtime/DebugBindings.gen.cpp Line: 51)

========================
 
(Filename: /home/builduser/buildslave/unity/build/artifacts/generated/common/runtime/DebugBindings.gen.cpp Line: 51)

[Lobby-ROOM] @ => OnJoinedRoom (You also come here AFTER OnCreatedRoom)
 
(Filename: /home/builduser/buildslave/unity/build/artifacts/generated/common/runtime/DebugBindings.gen.cpp Line: 51)

[Lobby-ROOM] Joined: tol-r-oflegends-5aa160a80b204504fe90abf7-9620=
 
(Filename: /home/builduser/buildslave/unity/build/artifacts/generated/common/runtime/DebugBindings.gen.cpp Line: 51)

[Photon] @ getPhotonRoomPropBool: isPrivateGroup
 
(Filename: /home/builduser/buildslave/unity/build/artifacts/generated/common/runtime/DebugBindings.gen.cpp Line: 51)

[Photon] getPhotonRoomPropBool: valInt==1
 
(Filename: /home/builduser/buildslave/unity/build/artifacts/generated/common/runtime/DebugBindings.gen.cpp Line: 51)

[Photon] @ getPhotonRoomPropBool: isPrivateGroup
 
(Filename: /home/builduser/buildslave/unity/build/artifacts/generated/common/runtime/DebugBindings.gen.cpp Line: 51)

[Photon] getPhotonRoomPropBool: valInt==1
 
(Filename: /home/builduser/buildslave/unity/build/artifacts/generated/common/runtime/DebugBindings.gen.cpp Line: 51)

[Lobby] Private Room (Room: 'tol-r-oflegends-5aa160a80b204504fe90abf7-9620=' visible,open 1/22 players.)? True
 
(Filename: /home/builduser/buildslave/unity/build/artifacts/generated/common/runtime/DebugBindings.gen.cpp Line: 51)

[UI] @ toggleChat. setOn? True
 
(Filename: /home/builduser/buildslave/unity/build/artifacts/generated/common/runtime/DebugBindings.gen.cpp Line: 51)

[GS] @ joinedPhotonRoom
 
(Filename: /home/builduser/buildslave/unity/build/artifacts/generated/common/runtime/DebugBindings.gen.cpp Line: 51)

[Lobby-ROOM] Private match = True
 
(Filename: /home/builduser/buildslave/unity/build/artifacts/generated/common/runtime/DebugBindings.gen.cpp Line: 51)

[Lobby-ROOM] number of TOTAL PEOPLE (+specs) inside the room: 1
 
(Filename: /home/builduser/buildslave/unity/build/artifacts/generated/common/runtime/DebugBindings.gen.cpp Line: 51)

[Lobby-ROOM] number of PLAYERS ONLY (-specs) inside the room: 1
 
(Filename: /home/builduser/buildslave/unity/build/artifacts/generated/common/runtime/DebugBindings.gen.cpp Line: 51)

[Lobby-ROOM] number of SPECTATORS ONLY (-players) inside the room: 0
 
(Filename: /home/builduser/buildslave/unity/build/artifacts/generated/common/runtime/DebugBindings.gen.cpp Line: 51)

[Discord] @ UpdatePresenceLobby
 
(Filename: /home/builduser/buildslave/unity/build/artifacts/generated/common/runtime/DebugBindings.gen.cpp Line: 51)

[Photon] @ getPhotonRoomPropInt: gameMode
 
(Filename: /home/builduser/buildslave/unity/build/artifacts/generated/common/runtime/DebugBindings.gen.cpp Line: 51)

[Photon] getPhotonRoomPropInt: valInt==0
 
(Filename: /home/builduser/buildslave/unity/build/artifacts/generated/common/runtime/DebugBindings.gen.cpp Line: 51)

[Discord] @ UpdatePresence
 
(Filename: /home/builduser/buildslave/unity/build/artifacts/generated/common/runtime/DebugBindings.gen.cpp Line: 51)

[Discord] @ rpInfo.constructor
 
(Filename: /home/builduser/buildslave/unity/build/artifacts/generated/common/runtime/DebugBindings.gen.cpp Line: 51)

[Discord] @ rpInfo.constructor.rpInitLobbyJoinedRoom
 
(Filename: /home/builduser/buildslave/unity/build/artifacts/generated/common/runtime/DebugBindings.gen.cpp Line: 51)

========================
 
(Filename: /home/builduser/buildslave/unity/build/artifacts/generated/common/runtime/DebugBindings.gen.cpp Line: 51)

[CommonMono] (READY) @ toastTween
 
(Filename: /home/builduser/buildslave/unity/build/artifacts/generated/common/runtime/DebugBindings.gen.cpp Line: 51)

[GS] @ dismissMessageRequest
 
(Filename: /home/builduser/buildslave/unity/build/artifacts/generated/common/runtime/DebugBindings.gen.cpp Line: 51)

[GS]*WARN @ joinedPhotonRoom: Errors found! {
    "C_ERROR": "(JOINED_PHOTON_ROOM)**ERR @ JOINED_PHOTON_ROOM-main: !mData: Match not found!",
    "C_ERR_ID": "CAUGHT_ERR"
}
 
(Filename: /home/builduser/buildslave/unity/build/artifacts/generated/common/runtime/DebugBindings.gen.cpp Line: 51)

[GSErrs] @ handleLogEventRequestErr: joinedPhotonRoom
 
(Filename: /home/builduser/buildslave/unity/build/artifacts/generated/common/runtime/DebugBindings.gen.cpp Line: 51)

[GS]**ERR @ joinedPhotonRoom: Unknown Error - Unknown Error
 
(Filename: /home/builduser/buildslave/unity/build/artifacts/generated/common/runtime/DebugBindings.gen.cpp Line: 51)

[GS] dismissMessageRequest success!
 
(Filename: /home/builduser/buildslave/unity/build/artifacts/generated/common/runtime/DebugBindings.gen.cpp Line: 51)

Warning/GameAnalytics: Could not add error event: Datastore not initialized
 
(Filename: /home/builduser/buildslave/unity/build/artifacts/generated/common/runtime/DebugBindings.gen.cpp Line: 51)

[UI] @ onLeaveRoomCancelMMBtnClick
 
(Filename: /home/builduser/buildslave/unity/build/artifacts/generated/common/runtime/DebugBindings.gen.cpp Line: 51)

[Lobby] @ leavePhotonRoom
 
(Filename: /home/builduser/buildslave/unity/build/artifacts/generated/common/runtime/DebugBindings.gen.cpp Line: 51)

===============================================================
 
(Filename: /home/builduser/buildslave/unity/build/artifacts/generated/common/runtime/DebugBindings.gen.cpp Line: 51)

[Lobby] @ OnLeftRoom -- WAITING to enter lobby...
 
(Filename: /home/builduser/buildslave/unity/build/artifacts/generated/common/runtime/DebugBindings.gen.cpp Line: 51)

Warning/GameAnalytics: Could not add design event: Datastore not initialized
 
(Filename: /home/builduser/buildslave/unity/build/artifacts/generated/common/runtime/DebugBindings.gen.cpp Line: 51)

Warning/GameAnalytics: Could not add design event: Datastore not initialized
 
(Filename: /home/builduser/buildslave/unity/build/artifacts/generated/common/runtime/DebugBindings.gen.cpp Line: 51)

[GS] @ OnLobbyStatisticsUpdate
 
(Filename: /home/builduser/buildslave/unity/build/artifacts/generated/common/runtime/DebugBindings.gen.cpp Line: 51)

[PhotonMgr] @ OnJoinedLobby: [re]ConnectedAndReady=True // UserId=5aa160a80b204504fe90abf7 // Nickname=ofLegends
 
(Filename: /home/builduser/buildslave/unity/build/artifacts/generated/common/runtime/DebugBindings.gen.cpp Line: 51)

[Photon] @ joinSpectatorToggle // isSpectator==False
 
(Filename: /home/builduser/buildslave/unity/build/artifacts/generated/common/runtime/DebugBindings.gen.cpp Line: 51)

[Photon] @ setPhotonPlayerPropBool: isSpectator // newBoolVal==False
 
(Filename: /home/builduser/buildslave/unity/build/artifacts/generated/common/runtime/DebugBindings.gen.cpp Line: 51)

[UI] @ toggleChat. setOn? False
 
(Filename: /home/builduser/buildslave/unity/build/artifacts/generated/common/runtime/DebugBindings.gen.cpp Line: 51)

[GSInfo] sawInteractiveTutorial == True
 
(Filename: /home/builduser/buildslave/unity/build/artifacts/generated/common/runtime/DebugBindings.gen.cpp Line: 51)

[UI] @ mmVerifyVersion
 
(Filename: /home/builduser/buildslave/unity/build/artifacts/generated/common/runtime/DebugBindings.gen.cpp Line: 51)

[GSInfo] serverVer == v1.1.2b
 
(Filename: /home/builduser/buildslave/unity/build/artifacts/generated/common/runtime/DebugBindings.gen.cpp Line: 51)

[Common] MyVer: v1.1.2b / ServerVer: v1.1.2b
 
(Filename: /home/builduser/buildslave/unity/build/artifacts/generated/common/runtime/DebugBindings.gen.cpp Line: 51)

[Lobby] @ OnJoinedLobby
 
(Filename: /home/builduser/buildslave/unity/build/artifacts/generated/common/runtime/DebugBindings.gen.cpp Line: 51)

[GS] @ joinedPhotonLobby
 
(Filename: /home/builduser/buildslave/unity/build/artifacts/generated/common/runtime/DebugBindings.gen.cpp Line: 51)

[Lobby] @ OnConnectedToMaster - Left room after reconnected to master
 
(Filename: /home/builduser/buildslave/unity/build/artifacts/generated/common/runtime/DebugBindings.gen.cpp Line: 51)

[Lobby] @ leftRoomReadyAfterMaster
 
(Filename: /home/builduser/buildslave/unity/build/artifacts/generated/common/runtime/DebugBindings.gen.cpp Line: 51)

[Lobby] @ cancelMMAfterLeaveDisconnectKickFail: Ready (Left Room)
 
(Filename: /home/builduser/buildslave/unity/build/artifacts/generated/common/runtime/DebugBindings.gen.cpp Line: 51)

[Discord] @ UpdatePresenceLobby
 
(Filename: /home/builduser/buildslave/unity/build/artifacts/generated/common/runtime/DebugBindings.gen.cpp Line: 51)

[Discord] @ UpdatePresence
 
(Filename: /home/builduser/buildslave/unity/build/artifacts/generated/common/runtime/DebugBindings.gen.cpp Line: 51)

[Discord] @ rpInfo.constructor
 
(Filename: /home/builduser/buildslave/unity/build/artifacts/generated/common/runtime/DebugBindings.gen.cpp Line: 51)

[Discord] @ rpInfo.constructor.rpInitLobbyIdle
 
(Filename: /home/builduser/buildslave/unity/build/artifacts/generated/common/runtime/DebugBindings.gen.cpp Line: 51)

[GS] joinedPhotonLobby success!
 
(Filename: /home/builduser/buildslave/unity/build/artifacts/generated/common/runtime/DebugBindings.gen.cpp Line: 51)

[Lobby] (WAITING) @ updateLobbyStats
 
(Filename: /home/builduser/buildslave/unity/build/artifacts/generated/common/runtime/DebugBindings.gen.cpp Line: 51)

[Lobby] (READY 1/2) @ updateLobbyStats
 
(Filename: /home/builduser/buildslave/unity/build/artifacts/generated/common/runtime/DebugBindings.gen.cpp Line: 51)

[GS] @ listGameFriendsRequest
 
(Filename: /home/builduser/buildslave/unity/build/artifacts/generated/common/runtime/DebugBindings.gen.cpp Line: 51)

[Lobby] (READY 2/2) @ updateLobbyStats
 
(Filename: /home/builduser/buildslave/unity/build/artifacts/generated/common/runtime/DebugBindings.gen.cpp Line: 51)

[xScroller] @ destroyFriendsList
 
(Filename: /home/builduser/buildslave/unity/build/artifacts/generated/common/runtime/DebugBindings.gen.cpp Line: 51)

[GS] @ silentMsgLobbyOnly. LobbyOnly? True
 
(Filename: /home/builduser/buildslave/unity/build/artifacts/generated/common/runtime/DebugBindings.gen.cpp Line: 51)

[GS] New silentMsg from: {
    "@class": ".ScriptMessage",
    "data": {
        "senderId": "5aa160c4a7b9f704f71fa105",
        "displayName": "lebh"
    },
    "extCode": "friendOfflineMsg",
    "messageId": "5aef809905ea17052b0c1a56",
    "notification": true,
    "playerId": "5aa160a80b204504fe90abf7",
    "subTitle": "lebh",
    "summary": "<color=yellow>lebh</color>\\n logged out",
    "title": "${data.pid}"
}
 
(Filename: /home/builduser/buildslave/unity/build/artifacts/generated/common/runtime/DebugBindings.gen.cpp Line: 51)

[GS] @ friendWentOffline
 
(Filename: /home/builduser/buildslave/unity/build/artifacts/generated/common/runtime/DebugBindings.gen.cpp Line: 51)

[GS] @ listGameFriendsRequest
 
(Filename: /home/builduser/buildslave/unity/build/artifacts/generated/common/runtime/DebugBindings.gen.cpp Line: 51)

[GS] @ dismissMessageRequest
 
(Filename: /home/builduser/buildslave/unity/build/artifacts/generated/common/runtime/DebugBindings.gen.cpp Line: 51)

[xScroller] @ destroyFriendsList
 
(Filename: /home/builduser/buildslave/unity/build/artifacts/generated/common/runtime/DebugBindings.gen.cpp Line: 51)

[GS] Successful friendWentOffline => listGameFriendsRequest!
 
(Filename: /home/builduser/buildslave/unity/build/artifacts/generated/common/runtime/DebugBindings.gen.cpp Line: 51)

[GS] dismissMessageRequest success!
 
(Filename: /home/builduser/buildslave/unity/build/artifacts/generated/common/runtime/DebugBindings.gen.cpp Line: 51)

